Arguments: 
  /usr/local/bin/node /home/peyman/.node/corepack/yarn/1.22.15/bin/yarn.js add mongodb

PATH: 
  /usr/local/sbin:/usr/local/bin:/usr/sbin:/usr/bin:/sbin:/bin:/usr/games:/usr/local/games:/snap/bin

Yarn version: 
  1.22.15

Node version: 
  16.13.0

Platform: 
  linux x64

Trace: 
  Error: getaddrinfo EAI_AGAIN registry.yarnpkg.com
      at GetAddrInfoReqWrap.onlookup [as oncomplete] (node:dns:71:26)

npm manifest: 
  {
    "name": "api",
    "version": "1.0.0",
    "main": "index.js",
    "repository": "",
    "author": "",
    "license": "MIT",
    "dependencies": {
      "@types/cors": "^2.8.10",
      "@types/express": "^4.17.11",
      "@types/express-handlebars": "^3.1.0",
      "body-parser": "^1.19.0",
      "chart.js": "^3.2.1",
      "cors": "^2.8.5",
      "dotenv": "^8.2.0",
      "express": "^4.17.1",
      "express-handlebars": "^5.3.0",
      "lodash": "^4.17.21",
      "luxon": "^1.26.0",
      "mongoose": "^5.12.7",
      "nodemon": "^2.0.7",
      "ts-node": "^9.1.1",
      "ts-node-dev": "^1.1.6",
      "typescript": "^4.2.4"
    },
    "scripts": {
      "dev": "ts-node-dev src/api.ts",
      "seed": "ts-node-dev src/scripts/seed.ts",
      "start": "node dist/api.js",
      "build": "tsc -b"
    },
    "devDependencies": {
      "@typescript-eslint/eslint-plugin": "^4.22.0",
      "@typescript-eslint/parser": "^4.22.0",
      "eslint": "^7.25.0",
      "eslint-plugin-react": "^7.23.2"
    }
  }

yarn manifest: 
  No manifest

Lockfile: 
  No lockfile
